[INFO ]-[2019-01-28 16:53:18]-[com.zaxxer.hikari.HikariDataSource:110]: HikariPool-1 - Starting...
[INFO ]-[2019-01-28 16:53:18]-[com.zaxxer.hikari.HikariDataSource:123]: HikariPool-1 - Start completed.
[WARN ]-[2019-01-28 16:53:18]-[org.b3log.solo.service.InitService:182]: Solo has not been initialized, please open your browser and visit [http://localhost:8080] to init Solo
[ERROR]-[2019-01-28 16:53:24]-[org.b3log.latke.repository.jdbc.JdbcRepository:490]: Query failed
org.h2.jdbc.JdbcSQLException: Table "B3_SOLO_ARTICLE" not found; SQL statement:
SELECT  *  from b3_solo_article where articlePermalink = ? limit 0,2147483647 [42102-197]
	at org.h2.message.DbException.getJdbcSQLException(DbException.java:357)
	at org.h2.message.DbException.get(DbException.java:179)
	at org.h2.message.DbException.get(DbException.java:155)
	at org.h2.command.Parser.readTableOrView(Parser.java:5920)
	at org.h2.command.Parser.readTableFilter(Parser.java:1430)
	at org.h2.command.Parser.parseSelectSimpleFromPart(Parser.java:2138)
	at org.h2.command.Parser.parseSelectSimple(Parser.java:2287)
	at org.h2.command.Parser.parseSelectSub(Parser.java:2133)
	at org.h2.command.Parser.parseSelectUnion(Parser.java:1946)
	at org.h2.command.Parser.parseSelect(Parser.java:1919)
	at org.h2.command.Parser.parsePrepared(Parser.java:463)
	at org.h2.command.Parser.parse(Parser.java:335)
	at org.h2.command.Parser.parse(Parser.java:307)
	at org.h2.command.Parser.prepareCommand(Parser.java:278)
	at org.h2.engine.Session.prepareLocal(Session.java:611)
	at org.h2.engine.Session.prepareCommand(Session.java:549)
	at org.h2.jdbc.JdbcConnection.prepareCommand(JdbcConnection.java:1247)
	at org.h2.jdbc.JdbcPreparedStatement.<init>(JdbcPreparedStatement.java:76)
	at org.h2.jdbc.JdbcConnection.prepareStatement(JdbcConnection.java:304)
	at com.zaxxer.hikari.pool.ProxyConnection.prepareStatement(ProxyConnection.java:311)
	at com.zaxxer.hikari.pool.HikariProxyConnection.prepareStatement(HikariProxyConnection.java)
	at org.b3log.latke.repository.jdbc.util.JdbcUtil.queryJson(JdbcUtil.java:153)
	at org.b3log.latke.repository.jdbc.util.JdbcUtil.queryJsonArray(JdbcUtil.java:130)
	at org.b3log.latke.repository.jdbc.JdbcRepository.get(JdbcRepository.java:486)
	at org.b3log.latke.repository.AbstractRepository.get(AbstractRepository.java:159)
	at org.b3log.solo.repository.ArticleRepository.getByPermalink(ArticleRepository.java:186)
	at org.b3log.solo.repository.ArticleRepository_$$_jvstc67_57._d11getByPermalink(ArticleRepository_$$_jvstc67_57.java)
	at sun.reflect.NativeMethodAccessorImpl.invoke0(Native Method)
	at sun.reflect.NativeMethodAccessorImpl.invoke(NativeMethodAccessorImpl.java:62)
	at sun.reflect.DelegatingMethodAccessorImpl.invoke(DelegatingMethodAccessorImpl.java:43)
	at java.lang.reflect.Method.invoke(Method.java:498)
	at org.b3log.latke.ioc.JavassistMethodHandler.invoke(JavassistMethodHandler.java:126)
	at org.b3log.solo.repository.ArticleRepository_$$_jvstc67_57.getByPermalink(ArticleRepository_$$_jvstc67_57.java)
	at org.b3log.solo.filter.PermalinkFilter.doFilter(PermalinkFilter.java:100)
	at org.eclipse.jetty.servlet.ServletHandler$CachedChain.doFilter(ServletHandler.java:1642)
	at org.b3log.latke.servlet.filter.EncodingFilter.doFilter(EncodingFilter.java:64)
	at org.eclipse.jetty.servlet.ServletHandler$CachedChain.doFilter(ServletHandler.java:1634)
	at org.eclipse.jetty.servlet.ServletHandler.doHandle(ServletHandler.java:533)
	at org.eclipse.jetty.server.handler.ScopedHandler.handle(ScopedHandler.java:146)
	at org.eclipse.jetty.security.SecurityHandler.handle(SecurityHandler.java:548)
	at org.eclipse.jetty.server.handler.HandlerWrapper.handle(HandlerWrapper.java:132)
	at org.eclipse.jetty.server.handler.ScopedHandler.nextHandle(ScopedHandler.java:257)
	at org.eclipse.jetty.server.session.SessionHandler.doHandle(SessionHandler.java:1595)
	at org.eclipse.jetty.server.handler.ScopedHandler.nextHandle(ScopedHandler.java:255)
	at org.eclipse.jetty.server.handler.ContextHandler.doHandle(ContextHandler.java:1340)
	at org.eclipse.jetty.server.handler.ScopedHandler.nextScope(ScopedHandler.java:203)
	at org.eclipse.jetty.servlet.ServletHandler.doScope(ServletHandler.java:473)
	at org.eclipse.jetty.server.session.SessionHandler.doScope(SessionHandler.java:1564)
	at org.eclipse.jetty.server.handler.ScopedHandler.nextScope(ScopedHandler.java:201)
	at org.eclipse.jetty.server.handler.ContextHandler.doScope(ContextHandler.java:1242)
	at org.eclipse.jetty.server.handler.ScopedHandler.handle(ScopedHandler.java:144)
	at org.eclipse.jetty.server.handler.HandlerWrapper.handle(HandlerWrapper.java:132)
	at org.eclipse.jetty.server.Server.handle(Server.java:503)
	at org.eclipse.jetty.server.HttpChannel.handle(HttpChannel.java:364)
	at org.eclipse.jetty.server.HttpConnection.onFillable(HttpConnection.java:260)
	at org.eclipse.jetty.io.AbstractConnection$ReadCallback.succeeded(AbstractConnection.java:305)
	at org.eclipse.jetty.io.FillInterest.fillable(FillInterest.java:103)
	at org.eclipse.jetty.io.ChannelEndPoint$2.run(ChannelEndPoint.java:118)
	at org.eclipse.jetty.util.thread.strategy.EatWhatYouKill.runTask(EatWhatYouKill.java:333)
	at org.eclipse.jetty.util.thread.strategy.EatWhatYouKill.doProduce(EatWhatYouKill.java:310)
	at org.eclipse.jetty.util.thread.strategy.EatWhatYouKill.tryProduce(EatWhatYouKill.java:168)
	at org.eclipse.jetty.util.thread.strategy.EatWhatYouKill.run(EatWhatYouKill.java:126)
	at org.eclipse.jetty.util.thread.ReservedThreadExecutor$ReservedThread.run(ReservedThreadExecutor.java:366)
	at org.eclipse.jetty.util.thread.QueuedThreadPool.runJob(QueuedThreadPool.java:765)
	at org.eclipse.jetty.util.thread.QueuedThreadPool$2.run(QueuedThreadPool.java:683)
	at java.lang.Thread.run(Thread.java:748)
[ERROR]-[2019-01-28 16:53:24]-[org.b3log.solo.filter.PermalinkFilter:113]: Processes article permalink filter failed
org.b3log.latke.repository.RepositoryException: org.h2.jdbc.JdbcSQLException: Table "B3_SOLO_ARTICLE" not found; SQL statement:
SELECT  *  from b3_solo_article where articlePermalink = ? limit 0,2147483647 [42102-197]
	at org.b3log.latke.repository.jdbc.JdbcRepository.get(JdbcRepository.java:492)
	at org.b3log.latke.repository.AbstractRepository.get(AbstractRepository.java:159)
	at org.b3log.solo.repository.ArticleRepository.getByPermalink(ArticleRepository.java:186)
	at org.b3log.solo.repository.ArticleRepository_$$_jvstc67_57._d11getByPermalink(ArticleRepository_$$_jvstc67_57.java)
	at sun.reflect.NativeMethodAccessorImpl.invoke0(Native Method)
	at sun.reflect.NativeMethodAccessorImpl.invoke(NativeMethodAccessorImpl.java:62)
	at sun.reflect.DelegatingMethodAccessorImpl.invoke(DelegatingMethodAccessorImpl.java:43)
	at java.lang.reflect.Method.invoke(Method.java:498)
	at org.b3log.latke.ioc.JavassistMethodHandler.invoke(JavassistMethodHandler.java:126)
	at org.b3log.solo.repository.ArticleRepository_$$_jvstc67_57.getByPermalink(ArticleRepository_$$_jvstc67_57.java)
	at org.b3log.solo.filter.PermalinkFilter.doFilter(PermalinkFilter.java:100)
	at org.eclipse.jetty.servlet.ServletHandler$CachedChain.doFilter(ServletHandler.java:1642)
	at org.b3log.latke.servlet.filter.EncodingFilter.doFilter(EncodingFilter.java:64)
	at org.eclipse.jetty.servlet.ServletHandler$CachedChain.doFilter(ServletHandler.java:1634)
	at org.eclipse.jetty.servlet.ServletHandler.doHandle(ServletHandler.java:533)
	at org.eclipse.jetty.server.handler.ScopedHandler.handle(ScopedHandler.java:146)
	at org.eclipse.jetty.security.SecurityHandler.handle(SecurityHandler.java:548)
	at org.eclipse.jetty.server.handler.HandlerWrapper.handle(HandlerWrapper.java:132)
	at org.eclipse.jetty.server.handler.ScopedHandler.nextHandle(ScopedHandler.java:257)
	at org.eclipse.jetty.server.session.SessionHandler.doHandle(SessionHandler.java:1595)
	at org.eclipse.jetty.server.handler.ScopedHandler.nextHandle(ScopedHandler.java:255)
	at org.eclipse.jetty.server.handler.ContextHandler.doHandle(ContextHandler.java:1340)
	at org.eclipse.jetty.server.handler.ScopedHandler.nextScope(ScopedHandler.java:203)
	at org.eclipse.jetty.servlet.ServletHandler.doScope(ServletHandler.java:473)
	at org.eclipse.jetty.server.session.SessionHandler.doScope(SessionHandler.java:1564)
	at org.eclipse.jetty.server.handler.ScopedHandler.nextScope(ScopedHandler.java:201)
	at org.eclipse.jetty.server.handler.ContextHandler.doScope(ContextHandler.java:1242)
	at org.eclipse.jetty.server.handler.ScopedHandler.handle(ScopedHandler.java:144)
	at org.eclipse.jetty.server.handler.HandlerWrapper.handle(HandlerWrapper.java:132)
	at org.eclipse.jetty.server.Server.handle(Server.java:503)
	at org.eclipse.jetty.server.HttpChannel.handle(HttpChannel.java:364)
	at org.eclipse.jetty.server.HttpConnection.onFillable(HttpConnection.java:260)
	at org.eclipse.jetty.io.AbstractConnection$ReadCallback.succeeded(AbstractConnection.java:305)
	at org.eclipse.jetty.io.FillInterest.fillable(FillInterest.java:103)
	at org.eclipse.jetty.io.ChannelEndPoint$2.run(ChannelEndPoint.java:118)
	at org.eclipse.jetty.util.thread.strategy.EatWhatYouKill.runTask(EatWhatYouKill.java:333)
	at org.eclipse.jetty.util.thread.strategy.EatWhatYouKill.doProduce(EatWhatYouKill.java:310)
	at org.eclipse.jetty.util.thread.strategy.EatWhatYouKill.tryProduce(EatWhatYouKill.java:168)
	at org.eclipse.jetty.util.thread.strategy.EatWhatYouKill.run(EatWhatYouKill.java:126)
	at org.eclipse.jetty.util.thread.ReservedThreadExecutor$ReservedThread.run(ReservedThreadExecutor.java:366)
	at org.eclipse.jetty.util.thread.QueuedThreadPool.runJob(QueuedThreadPool.java:765)
	at org.eclipse.jetty.util.thread.QueuedThreadPool$2.run(QueuedThreadPool.java:683)
	at java.lang.Thread.run(Thread.java:748)
Caused by: org.h2.jdbc.JdbcSQLException: Table "B3_SOLO_ARTICLE" not found; SQL statement:
SELECT  *  from b3_solo_article where articlePermalink = ? limit 0,2147483647 [42102-197]
	at org.h2.message.DbException.getJdbcSQLException(DbException.java:357)
	at org.h2.message.DbException.get(DbException.java:179)
	at org.h2.message.DbException.get(DbException.java:155)
	at org.h2.command.Parser.readTableOrView(Parser.java:5920)
	at org.h2.command.Parser.readTableFilter(Parser.java:1430)
	at org.h2.command.Parser.parseSelectSimpleFromPart(Parser.java:2138)
	at org.h2.command.Parser.parseSelectSimple(Parser.java:2287)
	at org.h2.command.Parser.parseSelectSub(Parser.java:2133)
	at org.h2.command.Parser.parseSelectUnion(Parser.java:1946)
	at org.h2.command.Parser.parseSelect(Parser.java:1919)
	at org.h2.command.Parser.parsePrepared(Parser.java:463)
	at org.h2.command.Parser.parse(Parser.java:335)
	at org.h2.command.Parser.parse(Parser.java:307)
	at org.h2.command.Parser.prepareCommand(Parser.java:278)
	at org.h2.engine.Session.prepareLocal(Session.java:611)
	at org.h2.engine.Session.prepareCommand(Session.java:549)
	at org.h2.jdbc.JdbcConnection.prepareCommand(JdbcConnection.java:1247)
	at org.h2.jdbc.JdbcPreparedStatement.<init>(JdbcPreparedStatement.java:76)
	at org.h2.jdbc.JdbcConnection.prepareStatement(JdbcConnection.java:304)
	at com.zaxxer.hikari.pool.ProxyConnection.prepareStatement(ProxyConnection.java:311)
	at com.zaxxer.hikari.pool.HikariProxyConnection.prepareStatement(HikariProxyConnection.java)
	at org.b3log.latke.repository.jdbc.util.JdbcUtil.queryJson(JdbcUtil.java:153)
	at org.b3log.latke.repository.jdbc.util.JdbcUtil.queryJsonArray(JdbcUtil.java:130)
	at org.b3log.latke.repository.jdbc.JdbcRepository.get(JdbcRepository.java:486)
	... 42 more
[ERROR]-[2019-01-28 16:53:24]-[org.b3log.latke.repository.jdbc.JdbcRepository:419]: Get failed
org.h2.jdbc.JdbcSQLException: Table "B3_SOLO_OPTION" not found; SQL statement:
SELECT * FROM b3_solo_option WHERE oId = ? [42102-197]
	at org.h2.message.DbException.getJdbcSQLException(DbException.java:357)
	at org.h2.message.DbException.get(DbException.java:179)
	at org.h2.message.DbException.get(DbException.java:155)
	at org.h2.command.Parser.readTableOrView(Parser.java:5920)
	at org.h2.command.Parser.readTableFilter(Parser.java:1430)
	at org.h2.command.Parser.parseSelectSimpleFromPart(Parser.java:2138)
	at org.h2.command.Parser.parseSelectSimple(Parser.java:2287)
	at org.h2.command.Parser.parseSelectSub(Parser.java:2133)
	at org.h2.command.Parser.parseSelectUnion(Parser.java:1946)
	at org.h2.command.Parser.parseSelect(Parser.java:1919)
	at org.h2.command.Parser.parsePrepared(Parser.java:463)
	at org.h2.command.Parser.parse(Parser.java:335)
	at org.h2.command.Parser.parse(Parser.java:307)
	at org.h2.command.Parser.prepareCommand(Parser.java:278)
	at org.h2.engine.Session.prepareLocal(Session.java:611)
	at org.h2.engine.Session.prepareCommand(Session.java:549)
	at org.h2.jdbc.JdbcConnection.prepareCommand(JdbcConnection.java:1247)
	at org.h2.jdbc.JdbcPreparedStatement.<init>(JdbcPreparedStatement.java:76)
	at org.h2.jdbc.JdbcConnection.prepareStatement(JdbcConnection.java:304)
	at com.zaxxer.hikari.pool.ProxyConnection.prepareStatement(ProxyConnection.java:311)
	at com.zaxxer.hikari.pool.HikariProxyConnection.prepareStatement(HikariProxyConnection.java)
	at org.b3log.latke.repository.jdbc.util.JdbcUtil.queryJson(JdbcUtil.java:153)
	at org.b3log.latke.repository.jdbc.util.JdbcUtil.queryJsonObject(JdbcUtil.java:112)
	at org.b3log.latke.repository.jdbc.JdbcRepository.get(JdbcRepository.java:417)
	at org.b3log.latke.repository.AbstractRepository.get(AbstractRepository.java:144)
	at org.b3log.solo.repository.OptionRepository.get(OptionRepository.java:74)
	at org.b3log.solo.repository.OptionRepository_$$_jvstc67_23._d8get(OptionRepository_$$_jvstc67_23.java)
	at sun.reflect.NativeMethodAccessorImpl.invoke0(Native Method)
	at sun.reflect.NativeMethodAccessorImpl.invoke(NativeMethodAccessorImpl.java:62)
	at sun.reflect.DelegatingMethodAccessorImpl.invoke(DelegatingMethodAccessorImpl.java:43)
	at java.lang.reflect.Method.invoke(Method.java:498)
	at org.b3log.latke.ioc.JavassistMethodHandler.invoke(JavassistMethodHandler.java:126)
	at org.b3log.solo.repository.OptionRepository_$$_jvstc67_23.get(OptionRepository_$$_jvstc67_23.java)
	at org.b3log.solo.service.PreferenceQueryService.getPreference(PreferenceQueryService.java:84)
	at org.b3log.solo.service.PreferenceQueryService_$$_jvstc67_20._d4getPreference(PreferenceQueryService_$$_jvstc67_20.java)
	at sun.reflect.NativeMethodAccessorImpl.invoke0(Native Method)
	at sun.reflect.NativeMethodAccessorImpl.invoke(NativeMethodAccessorImpl.java:62)
	at sun.reflect.DelegatingMethodAccessorImpl.invoke(DelegatingMethodAccessorImpl.java:43)
	at java.lang.reflect.Method.invoke(Method.java:498)
	at org.b3log.latke.ioc.JavassistMethodHandler.invoke(JavassistMethodHandler.java:126)
	at org.b3log.solo.service.PreferenceQueryService_$$_jvstc67_20.getPreference(PreferenceQueryService_$$_jvstc67_20.java)
	at org.b3log.solo.processor.ErrorProcessor.showErrorPage(ErrorProcessor.java:105)
	at org.b3log.solo.processor.ErrorProcessor_$$_jvstc67_53._d7showErrorPage(ErrorProcessor_$$_jvstc67_53.java)
	at sun.reflect.NativeMethodAccessorImpl.invoke0(Native Method)
	at sun.reflect.NativeMethodAccessorImpl.invoke(NativeMethodAccessorImpl.java:62)
	at sun.reflect.DelegatingMethodAccessorImpl.invoke(DelegatingMethodAccessorImpl.java:43)
	at java.lang.reflect.Method.invoke(Method.java:498)
	at org.b3log.latke.ioc.JavassistMethodHandler.invoke(JavassistMethodHandler.java:126)
	at org.b3log.solo.processor.ErrorProcessor_$$_jvstc67_53.showErrorPage(ErrorProcessor_$$_jvstc67_53.java)
	at sun.reflect.NativeMethodAccessorImpl.invoke0(Native Method)
	at sun.reflect.NativeMethodAccessorImpl.invoke(NativeMethodAccessorImpl.java:62)
	at sun.reflect.DelegatingMethodAccessorImpl.invoke(DelegatingMethodAccessorImpl.java:43)
	at java.lang.reflect.Method.invoke(Method.java:498)
	at org.b3log.latke.servlet.handler.MethodInvokeHandler.handle(MethodInvokeHandler.java:55)
	at org.b3log.latke.servlet.HttpControl.nextHandler(HttpControl.java:97)
	at org.b3log.latke.servlet.handler.AdviceHandler.handle(AdviceHandler.java:104)
	at org.b3log.latke.servlet.HttpControl.nextHandler(HttpControl.java:97)
	at org.b3log.latke.servlet.handler.ArgsHandler.handle(ArgsHandler.java:59)
	at org.b3log.latke.servlet.HttpControl.nextHandler(HttpControl.java:97)
	at org.b3log.latke.servlet.handler.RequestDispatchHandler.handle(RequestDispatchHandler.java:86)
	at org.b3log.latke.servlet.HttpControl.nextHandler(HttpControl.java:97)
	at org.b3log.latke.servlet.handler.RequestPrepareHandler.handle(RequestPrepareHandler.java:43)
	at org.b3log.latke.servlet.HttpControl.nextHandler(HttpControl.java:97)
	at org.b3log.latke.servlet.handler.StaticResourceHandler.handle(StaticResourceHandler.java:119)
	at org.b3log.latke.servlet.HttpControl.nextHandler(HttpControl.java:97)
	at org.b3log.latke.servlet.DispatcherServlet.service(DispatcherServlet.java:76)
	at javax.servlet.http.HttpServlet.service(HttpServlet.java:790)
	at org.eclipse.jetty.servlet.ServletHolder.handle(ServletHolder.java:865)
	at org.eclipse.jetty.servlet.ServletHandler.doHandle(ServletHandler.java:535)
	at org.eclipse.jetty.server.handler.ScopedHandler.handle(ScopedHandler.java:146)
	at org.eclipse.jetty.security.SecurityHandler.handle(SecurityHandler.java:566)
	at org.eclipse.jetty.server.handler.HandlerWrapper.handle(HandlerWrapper.java:132)
	at org.eclipse.jetty.server.handler.ScopedHandler.nextHandle(ScopedHandler.java:257)
	at org.eclipse.jetty.server.session.SessionHandler.doHandle(SessionHandler.java:1595)
	at org.eclipse.jetty.server.handler.ScopedHandler.nextHandle(ScopedHandler.java:255)
	at org.eclipse.jetty.server.handler.ContextHandler.doHandle(ContextHandler.java:1340)
	at org.eclipse.jetty.server.handler.ScopedHandler.nextScope(ScopedHandler.java:203)
	at org.eclipse.jetty.servlet.ServletHandler.doScope(ServletHandler.java:473)
	at org.eclipse.jetty.server.session.SessionHandler.doScope(SessionHandler.java:1564)
	at org.eclipse.jetty.server.handler.ScopedHandler.nextScope(ScopedHandler.java:201)
	at org.eclipse.jetty.server.handler.ContextHandler.doScope(ContextHandler.java:1242)
	at org.eclipse.jetty.server.handler.ScopedHandler.handle(ScopedHandler.java:144)
	at org.eclipse.jetty.server.Dispatcher.forward(Dispatcher.java:203)
	at org.eclipse.jetty.server.Dispatcher.error(Dispatcher.java:81)
	at org.eclipse.jetty.server.handler.ErrorHandler.doError(ErrorHandler.java:119)
	at org.eclipse.jetty.server.handler.ErrorHandler.handle(ErrorHandler.java:78)
	at org.eclipse.jetty.server.Response.sendError(Response.java:655)
	at org.eclipse.jetty.server.Response.sendError(Response.java:590)
	at org.b3log.solo.filter.PermalinkFilter.doFilter(PermalinkFilter.java:114)
	at org.eclipse.jetty.servlet.ServletHandler$CachedChain.doFilter(ServletHandler.java:1642)
	at org.b3log.latke.servlet.filter.EncodingFilter.doFilter(EncodingFilter.java:64)
	at org.eclipse.jetty.servlet.ServletHandler$CachedChain.doFilter(ServletHandler.java:1634)
	at org.eclipse.jetty.servlet.ServletHandler.doHandle(ServletHandler.java:533)
	at org.eclipse.jetty.server.handler.ScopedHandler.handle(ScopedHandler.java:146)
	at org.eclipse.jetty.security.SecurityHandler.handle(SecurityHandler.java:548)
	at org.eclipse.jetty.server.handler.HandlerWrapper.handle(HandlerWrapper.java:132)
	at org.eclipse.jetty.server.handler.ScopedHandler.nextHandle(ScopedHandler.java:257)
	at org.eclipse.jetty.server.session.SessionHandler.doHandle(SessionHandler.java:1595)
	at org.eclipse.jetty.server.handler.ScopedHandler.nextHandle(ScopedHandler.java:255)
	at org.eclipse.jetty.server.handler.ContextHandler.doHandle(ContextHandler.java:1340)
	at org.eclipse.jetty.server.handler.ScopedHandler.nextScope(ScopedHandler.java:203)
	at org.eclipse.jetty.servlet.ServletHandler.doScope(ServletHandler.java:473)
	at org.eclipse.jetty.server.session.SessionHandler.doScope(SessionHandler.java:1564)
	at org.eclipse.jetty.server.handler.ScopedHandler.nextScope(ScopedHandler.java:201)
	at org.eclipse.jetty.server.handler.ContextHandler.doScope(ContextHandler.java:1242)
	at org.eclipse.jetty.server.handler.ScopedHandler.handle(ScopedHandler.java:144)
	at org.eclipse.jetty.server.handler.HandlerWrapper.handle(HandlerWrapper.java:132)
	at org.eclipse.jetty.server.Server.handle(Server.java:503)
	at org.eclipse.jetty.server.HttpChannel.handle(HttpChannel.java:364)
	at org.eclipse.jetty.server.HttpConnection.onFillable(HttpConnection.java:260)
	at org.eclipse.jetty.io.AbstractConnection$ReadCallback.succeeded(AbstractConnection.java:305)
	at org.eclipse.jetty.io.FillInterest.fillable(FillInterest.java:103)
	at org.eclipse.jetty.io.ChannelEndPoint$2.run(ChannelEndPoint.java:118)
	at org.eclipse.jetty.util.thread.strategy.EatWhatYouKill.runTask(EatWhatYouKill.java:333)
	at org.eclipse.jetty.util.thread.strategy.EatWhatYouKill.doProduce(EatWhatYouKill.java:310)
	at org.eclipse.jetty.util.thread.strategy.EatWhatYouKill.tryProduce(EatWhatYouKill.java:168)
	at org.eclipse.jetty.util.thread.strategy.EatWhatYouKill.run(EatWhatYouKill.java:126)
	at org.eclipse.jetty.util.thread.ReservedThreadExecutor$ReservedThread.run(ReservedThreadExecutor.java:366)
	at org.eclipse.jetty.util.thread.QueuedThreadPool.runJob(QueuedThreadPool.java:765)
	at org.eclipse.jetty.util.thread.QueuedThreadPool$2.run(QueuedThreadPool.java:683)
	at java.lang.Thread.run(Thread.java:748)
[ERROR]-[2019-01-28 16:53:24]-[org.b3log.solo.service.DataModelService:460]: Fills most comment articles failed
java.lang.NullPointerException
	at org.b3log.solo.service.DataModelService.fillMostCommentArticles(DataModelService.java:455)
	at org.b3log.solo.service.DataModelService_$$_jvstc67_4b._d7fillMostCommentArticles(DataModelService_$$_jvstc67_4b.java)
	at sun.reflect.NativeMethodAccessorImpl.invoke0(Native Method)
	at sun.reflect.NativeMethodAccessorImpl.invoke(NativeMethodAccessorImpl.java:62)
	at sun.reflect.DelegatingMethodAccessorImpl.invoke(DelegatingMethodAccessorImpl.java:43)
	at java.lang.reflect.Method.invoke(Method.java:498)
	at org.b3log.latke.ioc.JavassistMethodHandler.invoke(JavassistMethodHandler.java:126)
	at org.b3log.solo.service.DataModelService_$$_jvstc67_4b.fillMostCommentArticles(DataModelService_$$_jvstc67_4b.java)
	at org.b3log.solo.service.DataModelService.fillSide(DataModelService.java:732)
	at org.b3log.solo.service.DataModelService.fillCommon(DataModelService.java:544)
	at org.b3log.solo.service.DataModelService_$$_jvstc67_4b._d3fillCommon(DataModelService_$$_jvstc67_4b.java)
	at sun.reflect.NativeMethodAccessorImpl.invoke0(Native Method)
	at sun.reflect.NativeMethodAccessorImpl.invoke(NativeMethodAccessorImpl.java:62)
	at sun.reflect.DelegatingMethodAccessorImpl.invoke(DelegatingMethodAccessorImpl.java:43)
	at java.lang.reflect.Method.invoke(Method.java:498)
	at org.b3log.latke.ioc.JavassistMethodHandler.invoke(JavassistMethodHandler.java:126)
	at org.b3log.solo.service.DataModelService_$$_jvstc67_4b.fillCommon(DataModelService_$$_jvstc67_4b.java)
	at org.b3log.solo.processor.ErrorProcessor.showErrorPage(ErrorProcessor.java:106)
	at org.b3log.solo.processor.ErrorProcessor_$$_jvstc67_53._d7showErrorPage(ErrorProcessor_$$_jvstc67_53.java)
	at sun.reflect.NativeMethodAccessorImpl.invoke0(Native Method)
	at sun.reflect.NativeMethodAccessorImpl.invoke(NativeMethodAccessorImpl.java:62)
	at sun.reflect.DelegatingMethodAccessorImpl.invoke(DelegatingMethodAccessorImpl.java:43)
	at java.lang.reflect.Method.invoke(Method.java:498)
	at org.b3log.latke.ioc.JavassistMethodHandler.invoke(JavassistMethodHandler.java:126)
	at org.b3log.solo.processor.ErrorProcessor_$$_jvstc67_53.showErrorPage(ErrorProcessor_$$_jvstc67_53.java)
	at sun.reflect.NativeMethodAccessorImpl.invoke0(Native Method)
	at sun.reflect.NativeMethodAccessorImpl.invoke(NativeMethodAccessorImpl.java:62)
	at sun.reflect.DelegatingMethodAccessorImpl.invoke(DelegatingMethodAccessorImpl.java:43)
	at java.lang.reflect.Method.invoke(Method.java:498)
	at org.b3log.latke.servlet.handler.MethodInvokeHandler.handle(MethodInvokeHandler.java:55)
	at org.b3log.latke.servlet.HttpControl.nextHandler(HttpControl.java:97)
	at org.b3log.latke.servlet.handler.AdviceHandler.handle(AdviceHandler.java:104)
	at org.b3log.latke.servlet.HttpControl.nextHandler(HttpControl.java:97)
	at org.b3log.latke.servlet.handler.ArgsHandler.handle(ArgsHandler.java:59)
	at org.b3log.latke.servlet.HttpControl.nextHandler(HttpControl.java:97)
	at org.b3log.latke.servlet.handler.RequestDispatchHandler.handle(RequestDispatchHandler.java:86)
	at org.b3log.latke.servlet.HttpControl.nextHandler(HttpControl.java:97)
	at org.b3log.latke.servlet.handler.RequestPrepareHandler.handle(RequestPrepareHandler.java:43)
	at org.b3log.latke.servlet.HttpControl.nextHandler(HttpControl.java:97)
	at org.b3log.latke.servlet.handler.StaticResourceHandler.handle(StaticResourceHandler.java:119)
	at org.b3log.latke.servlet.HttpControl.nextHandler(HttpControl.java:97)
	at org.b3log.latke.servlet.DispatcherServlet.service(DispatcherServlet.java:76)
	at javax.servlet.http.HttpServlet.service(HttpServlet.java:790)
	at org.eclipse.jetty.servlet.ServletHolder.handle(ServletHolder.java:865)
	at org.eclipse.jetty.servlet.ServletHandler.doHandle(ServletHandler.java:535)
	at org.eclipse.jetty.server.handler.ScopedHandler.handle(ScopedHandler.java:146)
	at org.eclipse.jetty.security.SecurityHandler.handle(SecurityHandler.java:566)
	at org.eclipse.jetty.server.handler.HandlerWrapper.handle(HandlerWrapper.java:132)
	at org.eclipse.jetty.server.handler.ScopedHandler.nextHandle(ScopedHandler.java:257)
	at org.eclipse.jetty.server.session.SessionHandler.doHandle(SessionHandler.java:1595)
	at org.eclipse.jetty.server.handler.ScopedHandler.nextHandle(ScopedHandler.java:255)
	at org.eclipse.jetty.server.handler.ContextHandler.doHandle(ContextHandler.java:1340)
	at org.eclipse.jetty.server.handler.ScopedHandler.nextScope(ScopedHandler.java:203)
	at org.eclipse.jetty.servlet.ServletHandler.doScope(ServletHandler.java:473)
	at org.eclipse.jetty.server.session.SessionHandler.doScope(SessionHandler.java:1564)
	at org.eclipse.jetty.server.handler.ScopedHandler.nextScope(ScopedHandler.java:201)
	at org.eclipse.jetty.server.handler.ContextHandler.doScope(ContextHandler.java:1242)
	at org.eclipse.jetty.server.handler.ScopedHandler.handle(ScopedHandler.java:144)
	at org.eclipse.jetty.server.Dispatcher.forward(Dispatcher.java:203)
	at org.eclipse.jetty.server.Dispatcher.error(Dispatcher.java:81)
	at org.eclipse.jetty.server.handler.ErrorHandler.doError(ErrorHandler.java:119)
	at org.eclipse.jetty.server.handler.ErrorHandler.handle(ErrorHandler.java:78)
	at org.eclipse.jetty.server.Response.sendError(Response.java:655)
	at org.eclipse.jetty.server.Response.sendError(Response.java:590)
	at org.b3log.solo.filter.PermalinkFilter.doFilter(PermalinkFilter.java:114)
	at org.eclipse.jetty.servlet.ServletHandler$CachedChain.doFilter(ServletHandler.java:1642)
	at org.b3log.latke.servlet.filter.EncodingFilter.doFilter(EncodingFilter.java:64)
	at org.eclipse.jetty.servlet.ServletHandler$CachedChain.doFilter(ServletHandler.java:1634)
	at org.eclipse.jetty.servlet.ServletHandler.doHandle(ServletHandler.java:533)
	at org.eclipse.jetty.server.handler.ScopedHandler.handle(ScopedHandler.java:146)
	at org.eclipse.jetty.security.SecurityHandler.handle(SecurityHandler.java:548)
	at org.eclipse.jetty.server.handler.HandlerWrapper.handle(HandlerWrapper.java:132)
	at org.eclipse.jetty.server.handler.ScopedHandler.nextHandle(ScopedHandler.java:257)
	at org.eclipse.jetty.server.session.SessionHandler.doHandle(SessionHandler.java:1595)
	at org.eclipse.jetty.server.handler.ScopedHandler.nextHandle(ScopedHandler.java:255)
	at org.eclipse.jetty.server.handler.ContextHandler.doHandle(ContextHandler.java:1340)
	at org.eclipse.jetty.server.handler.ScopedHandler.nextScope(ScopedHandler.java:203)
	at org.eclipse.jetty.servlet.ServletHandler.doScope(ServletHandler.java:473)
	at org.eclipse.jetty.server.session.SessionHandler.doScope(SessionHandler.java:1564)
	at org.eclipse.jetty.server.handler.ScopedHandler.nextScope(ScopedHandler.java:201)
	at org.eclipse.jetty.server.handler.ContextHandler.doScope(ContextHandler.java:1242)
	at org.eclipse.jetty.server.handler.ScopedHandler.handle(ScopedHandler.java:144)
	at org.eclipse.jetty.server.handler.HandlerWrapper.handle(HandlerWrapper.java:132)
	at org.eclipse.jetty.server.Server.handle(Server.java:503)
	at org.eclipse.jetty.server.HttpChannel.handle(HttpChannel.java:364)
	at org.eclipse.jetty.server.HttpConnection.onFillable(HttpConnection.java:260)
	at org.eclipse.jetty.io.AbstractConnection$ReadCallback.succeeded(AbstractConnection.java:305)
	at org.eclipse.jetty.io.FillInterest.fillable(FillInterest.java:103)
	at org.eclipse.jetty.io.ChannelEndPoint$2.run(ChannelEndPoint.java:118)
	at org.eclipse.jetty.util.thread.strategy.EatWhatYouKill.runTask(EatWhatYouKill.java:333)
	at org.eclipse.jetty.util.thread.strategy.EatWhatYouKill.doProduce(EatWhatYouKill.java:310)
	at org.eclipse.jetty.util.thread.strategy.EatWhatYouKill.tryProduce(EatWhatYouKill.java:168)
	at org.eclipse.jetty.util.thread.strategy.EatWhatYouKill.run(EatWhatYouKill.java:126)
	at org.eclipse.jetty.util.thread.ReservedThreadExecutor$ReservedThread.run(ReservedThreadExecutor.java:366)
	at org.eclipse.jetty.util.thread.QueuedThreadPool.runJob(QueuedThreadPool.java:765)
	at org.eclipse.jetty.util.thread.QueuedThreadPool$2.run(QueuedThreadPool.java:683)
	at java.lang.Thread.run(Thread.java:748)
[ERROR]-[2019-01-28 16:53:24]-[org.b3log.solo.service.DataModelService:739]: Fills side failed
org.b3log.latke.service.ServiceException: java.lang.NullPointerException
	at org.b3log.solo.service.DataModelService.fillMostCommentArticles(DataModelService.java:461)
	at org.b3log.solo.service.DataModelService_$$_jvstc67_4b._d7fillMostCommentArticles(DataModelService_$$_jvstc67_4b.java)
	at sun.reflect.NativeMethodAccessorImpl.invoke0(Native Method)
	at sun.reflect.NativeMethodAccessorImpl.invoke(NativeMethodAccessorImpl.java:62)
	at sun.reflect.DelegatingMethodAccessorImpl.invoke(DelegatingMethodAccessorImpl.java:43)
	at java.lang.reflect.Method.invoke(Method.java:498)
	at org.b3log.latke.ioc.JavassistMethodHandler.invoke(JavassistMethodHandler.java:126)
	at org.b3log.solo.service.DataModelService_$$_jvstc67_4b.fillMostCommentArticles(DataModelService_$$_jvstc67_4b.java)
	at org.b3log.solo.service.DataModelService.fillSide(DataModelService.java:732)
	at org.b3log.solo.service.DataModelService.fillCommon(DataModelService.java:544)
	at org.b3log.solo.service.DataModelService_$$_jvstc67_4b._d3fillCommon(DataModelService_$$_jvstc67_4b.java)
	at sun.reflect.NativeMethodAccessorImpl.invoke0(Native Method)
	at sun.reflect.NativeMethodAccessorImpl.invoke(NativeMethodAccessorImpl.java:62)
	at sun.reflect.DelegatingMethodAccessorImpl.invoke(DelegatingMethodAccessorImpl.java:43)
	at java.lang.reflect.Method.invoke(Method.java:498)
	at org.b3log.latke.ioc.JavassistMethodHandler.invoke(JavassistMethodHandler.java:126)
	at org.b3log.solo.service.DataModelService_$$_jvstc67_4b.fillCommon(DataModelService_$$_jvstc67_4b.java)
	at org.b3log.solo.processor.ErrorProcessor.showErrorPage(ErrorProcessor.java:106)
	at org.b3log.solo.processor.ErrorProcessor_$$_jvstc67_53._d7showErrorPage(ErrorProcessor_$$_jvstc67_53.java)
	at sun.reflect.NativeMethodAccessorImpl.invoke0(Native Method)
	at sun.reflect.NativeMethodAccessorImpl.invoke(NativeMethodAccessorImpl.java:62)
	at sun.reflect.DelegatingMethodAccessorImpl.invoke(DelegatingMethodAccessorImpl.java:43)
	at java.lang.reflect.Method.invoke(Method.java:498)
	at org.b3log.latke.ioc.JavassistMethodHandler.invoke(JavassistMethodHandler.java:126)
	at org.b3log.solo.processor.ErrorProcessor_$$_jvstc67_53.showErrorPage(ErrorProcessor_$$_jvstc67_53.java)
	at sun.reflect.NativeMethodAccessorImpl.invoke0(Native Method)
	at sun.reflect.NativeMethodAccessorImpl.invoke(NativeMethodAccessorImpl.java:62)
	at sun.reflect.DelegatingMethodAccessorImpl.invoke(DelegatingMethodAccessorImpl.java:43)
	at java.lang.reflect.Method.invoke(Method.java:498)
	at org.b3log.latke.servlet.handler.MethodInvokeHandler.handle(MethodInvokeHandler.java:55)
	at org.b3log.latke.servlet.HttpControl.nextHandler(HttpControl.java:97)
	at org.b3log.latke.servlet.handler.AdviceHandler.handle(AdviceHandler.java:104)
	at org.b3log.latke.servlet.HttpControl.nextHandler(HttpControl.java:97)
	at org.b3log.latke.servlet.handler.ArgsHandler.handle(ArgsHandler.java:59)
	at org.b3log.latke.servlet.HttpControl.nextHandler(HttpControl.java:97)
	at org.b3log.latke.servlet.handler.RequestDispatchHandler.handle(RequestDispatchHandler.java:86)
	at org.b3log.latke.servlet.HttpControl.nextHandler(HttpControl.java:97)
	at org.b3log.latke.servlet.handler.RequestPrepareHandler.handle(RequestPrepareHandler.java:43)
	at org.b3log.latke.servlet.HttpControl.nextHandler(HttpControl.java:97)
	at org.b3log.latke.servlet.handler.StaticResourceHandler.handle(StaticResourceHandler.java:119)
	at org.b3log.latke.servlet.HttpControl.nextHandler(HttpControl.java:97)
	at org.b3log.latke.servlet.DispatcherServlet.service(DispatcherServlet.java:76)
	at javax.servlet.http.HttpServlet.service(HttpServlet.java:790)
	at org.eclipse.jetty.servlet.ServletHolder.handle(ServletHolder.java:865)
	at org.eclipse.jetty.servlet.ServletHandler.doHandle(ServletHandler.java:535)
	at org.eclipse.jetty.server.handler.ScopedHandler.handle(ScopedHandler.java:146)
	at org.eclipse.jetty.security.SecurityHandler.handle(SecurityHandler.java:566)
	at org.eclipse.jetty.server.handler.HandlerWrapper.handle(HandlerWrapper.java:132)
	at org.eclipse.jetty.server.handler.ScopedHandler.nextHandle(ScopedHandler.java:257)
	at org.eclipse.jetty.server.session.SessionHandler.doHandle(SessionHandler.java:1595)
	at org.eclipse.jetty.server.handler.ScopedHandler.nextHandle(ScopedHandler.java:255)
	at org.eclipse.jetty.server.handler.ContextHandler.doHandle(ContextHandler.java:1340)
	at org.eclipse.jetty.server.handler.ScopedHandler.nextScope(ScopedHandler.java:203)
	at org.eclipse.jetty.servlet.ServletHandler.doScope(ServletHandler.java:473)
	at org.eclipse.jetty.server.session.SessionHandler.doScope(SessionHandler.java:1564)
	at org.eclipse.jetty.server.handler.ScopedHandler.nextScope(ScopedHandler.java:201)
	at org.eclipse.jetty.server.handler.ContextHandler.doScope(ContextHandler.java:1242)
	at org.eclipse.jetty.server.handler.ScopedHandler.handle(ScopedHandler.java:144)
	at org.eclipse.jetty.server.Dispatcher.forward(Dispatcher.java:203)
	at org.eclipse.jetty.server.Dispatcher.error(Dispatcher.java:81)
	at org.eclipse.jetty.server.handler.ErrorHandler.doError(ErrorHandler.java:119)
	at org.eclipse.jetty.server.handler.ErrorHandler.handle(ErrorHandler.java:78)
	at org.eclipse.jetty.server.Response.sendError(Response.java:655)
	at org.eclipse.jetty.server.Response.sendError(Response.java:590)
	at org.b3log.solo.filter.PermalinkFilter.doFilter(PermalinkFilter.java:114)
	at org.eclipse.jetty.servlet.ServletHandler$CachedChain.doFilter(ServletHandler.java:1642)
	at org.b3log.latke.servlet.filter.EncodingFilter.doFilter(EncodingFilter.java:64)
	at org.eclipse.jetty.servlet.ServletHandler$CachedChain.doFilter(ServletHandler.java:1634)
	at org.eclipse.jetty.servlet.ServletHandler.doHandle(ServletHandler.java:533)
	at org.eclipse.jetty.server.handler.ScopedHandler.handle(ScopedHandler.java:146)
	at org.eclipse.jetty.security.SecurityHandler.handle(SecurityHandler.java:548)
	at org.eclipse.jetty.server.handler.HandlerWrapper.handle(HandlerWrapper.java:132)
	at org.eclipse.jetty.server.handler.ScopedHandler.nextHandle(ScopedHandler.java:257)
	at org.eclipse.jetty.server.session.SessionHandler.doHandle(SessionHandler.java:1595)
	at org.eclipse.jetty.server.handler.ScopedHandler.nextHandle(ScopedHandler.java:255)
	at org.eclipse.jetty.server.handler.ContextHandler.doHandle(ContextHandler.java:1340)
	at org.eclipse.jetty.server.handler.ScopedHandler.nextScope(ScopedHandler.java:203)
	at org.eclipse.jetty.servlet.ServletHandler.doScope(ServletHandler.java:473)
	at org.eclipse.jetty.server.session.SessionHandler.doScope(SessionHandler.java:1564)
	at org.eclipse.jetty.server.handler.ScopedHandler.nextScope(ScopedHandler.java:201)
	at org.eclipse.jetty.server.handler.ContextHandler.doScope(ContextHandler.java:1242)
	at org.eclipse.jetty.server.handler.ScopedHandler.handle(ScopedHandler.java:144)
	at org.eclipse.jetty.server.handler.HandlerWrapper.handle(HandlerWrapper.java:132)
	at org.eclipse.jetty.server.Server.handle(Server.java:503)
	at org.eclipse.jetty.server.HttpChannel.handle(HttpChannel.java:364)
	at org.eclipse.jetty.server.HttpConnection.onFillable(HttpConnection.java:260)
	at org.eclipse.jetty.io.AbstractConnection$ReadCallback.succeeded(AbstractConnection.java:305)
	at org.eclipse.jetty.io.FillInterest.fillable(FillInterest.java:103)
	at org.eclipse.jetty.io.ChannelEndPoint$2.run(ChannelEndPoint.java:118)
	at org.eclipse.jetty.util.thread.strategy.EatWhatYouKill.runTask(EatWhatYouKill.java:333)
	at org.eclipse.jetty.util.thread.strategy.EatWhatYouKill.doProduce(EatWhatYouKill.java:310)
	at org.eclipse.jetty.util.thread.strategy.EatWhatYouKill.tryProduce(EatWhatYouKill.java:168)
	at org.eclipse.jetty.util.thread.strategy.EatWhatYouKill.run(EatWhatYouKill.java:126)
	at org.eclipse.jetty.util.thread.ReservedThreadExecutor$ReservedThread.run(ReservedThreadExecutor.java:366)
	at org.eclipse.jetty.util.thread.QueuedThreadPool.runJob(QueuedThreadPool.java:765)
	at org.eclipse.jetty.util.thread.QueuedThreadPool$2.run(QueuedThreadPool.java:683)
	at java.lang.Thread.run(Thread.java:748)
Caused by: java.lang.NullPointerException
	at org.b3log.solo.service.DataModelService.fillMostCommentArticles(DataModelService.java:455)
	... 96 more
[ERROR]-[2019-01-28 16:53:24]-[org.b3log.solo.processor.ArticleProcessor:109]: org.b3log.latke.service.ServiceException: java.lang.NullPointerException
org.b3log.latke.service.ServiceException: org.b3log.latke.service.ServiceException: java.lang.NullPointerException
	at org.b3log.solo.service.DataModelService.fillSide(DataModelService.java:740)
	at org.b3log.solo.service.DataModelService.fillCommon(DataModelService.java:544)
	at org.b3log.solo.service.DataModelService_$$_jvstc67_4b._d3fillCommon(DataModelService_$$_jvstc67_4b.java)
	at sun.reflect.NativeMethodAccessorImpl.invoke0(Native Method)
	at sun.reflect.NativeMethodAccessorImpl.invoke(NativeMethodAccessorImpl.java:62)
	at sun.reflect.DelegatingMethodAccessorImpl.invoke(DelegatingMethodAccessorImpl.java:43)
	at java.lang.reflect.Method.invoke(Method.java:498)
	at org.b3log.latke.ioc.JavassistMethodHandler.invoke(JavassistMethodHandler.java:126)
	at org.b3log.solo.service.DataModelService_$$_jvstc67_4b.fillCommon(DataModelService_$$_jvstc67_4b.java)
	at org.b3log.solo.processor.ErrorProcessor.showErrorPage(ErrorProcessor.java:106)
	at org.b3log.solo.processor.ErrorProcessor_$$_jvstc67_53._d7showErrorPage(ErrorProcessor_$$_jvstc67_53.java)
	at sun.reflect.NativeMethodAccessorImpl.invoke0(Native Method)
	at sun.reflect.NativeMethodAccessorImpl.invoke(NativeMethodAccessorImpl.java:62)
	at sun.reflect.DelegatingMethodAccessorImpl.invoke(DelegatingMethodAccessorImpl.java:43)
	at java.lang.reflect.Method.invoke(Method.java:498)
	at org.b3log.latke.ioc.JavassistMethodHandler.invoke(JavassistMethodHandler.java:126)
	at org.b3log.solo.processor.ErrorProcessor_$$_jvstc67_53.showErrorPage(ErrorProcessor_$$_jvstc67_53.java)
	at sun.reflect.NativeMethodAccessorImpl.invoke0(Native Method)
	at sun.reflect.NativeMethodAccessorImpl.invoke(NativeMethodAccessorImpl.java:62)
	at sun.reflect.DelegatingMethodAccessorImpl.invoke(DelegatingMethodAccessorImpl.java:43)
	at java.lang.reflect.Method.invoke(Method.java:498)
	at org.b3log.latke.servlet.handler.MethodInvokeHandler.handle(MethodInvokeHandler.java:55)
	at org.b3log.latke.servlet.HttpControl.nextHandler(HttpControl.java:97)
	at org.b3log.latke.servlet.handler.AdviceHandler.handle(AdviceHandler.java:104)
	at org.b3log.latke.servlet.HttpControl.nextHandler(HttpControl.java:97)
	at org.b3log.latke.servlet.handler.ArgsHandler.handle(ArgsHandler.java:59)
	at org.b3log.latke.servlet.HttpControl.nextHandler(HttpControl.java:97)
	at org.b3log.latke.servlet.handler.RequestDispatchHandler.handle(RequestDispatchHandler.java:86)
	at org.b3log.latke.servlet.HttpControl.nextHandler(HttpControl.java:97)
	at org.b3log.latke.servlet.handler.RequestPrepareHandler.handle(RequestPrepareHandler.java:43)
	at org.b3log.latke.servlet.HttpControl.nextHandler(HttpControl.java:97)
	at org.b3log.latke.servlet.handler.StaticResourceHandler.handle(StaticResourceHandler.java:119)
	at org.b3log.latke.servlet.HttpControl.nextHandler(HttpControl.java:97)
	at org.b3log.latke.servlet.DispatcherServlet.service(DispatcherServlet.java:76)
	at javax.servlet.http.HttpServlet.service(HttpServlet.java:790)
	at org.eclipse.jetty.servlet.ServletHolder.handle(ServletHolder.java:865)
	at org.eclipse.jetty.servlet.ServletHandler.doHandle(ServletHandler.java:535)
	at org.eclipse.jetty.server.handler.ScopedHandler.handle(ScopedHandler.java:146)
	at org.eclipse.jetty.security.SecurityHandler.handle(SecurityHandler.java:566)
	at org.eclipse.jetty.server.handler.HandlerWrapper.handle(HandlerWrapper.java:132)
	at org.eclipse.jetty.server.handler.ScopedHandler.nextHandle(ScopedHandler.java:257)
	at org.eclipse.jetty.server.session.SessionHandler.doHandle(SessionHandler.java:1595)
	at org.eclipse.jetty.server.handler.ScopedHandler.nextHandle(ScopedHandler.java:255)
	at org.eclipse.jetty.server.handler.ContextHandler.doHandle(ContextHandler.java:1340)
	at org.eclipse.jetty.server.handler.ScopedHandler.nextScope(ScopedHandler.java:203)
	at org.eclipse.jetty.servlet.ServletHandler.doScope(ServletHandler.java:473)
	at org.eclipse.jetty.server.session.SessionHandler.doScope(SessionHandler.java:1564)
	at org.eclipse.jetty.server.handler.ScopedHandler.nextScope(ScopedHandler.java:201)
	at org.eclipse.jetty.server.handler.ContextHandler.doScope(ContextHandler.java:1242)
	at org.eclipse.jetty.server.handler.ScopedHandler.handle(ScopedHandler.java:144)
	at org.eclipse.jetty.server.Dispatcher.forward(Dispatcher.java:203)
	at org.eclipse.jetty.server.Dispatcher.error(Dispatcher.java:81)
	at org.eclipse.jetty.server.handler.ErrorHandler.doError(ErrorHandler.java:119)
	at org.eclipse.jetty.server.handler.ErrorHandler.handle(ErrorHandler.java:78)
	at org.eclipse.jetty.server.Response.sendError(Response.java:655)
	at org.eclipse.jetty.server.Response.sendError(Response.java:590)
	at org.b3log.solo.filter.PermalinkFilter.doFilter(PermalinkFilter.java:114)
	at org.eclipse.jetty.servlet.ServletHandler$CachedChain.doFilter(ServletHandler.java:1642)
	at org.b3log.latke.servlet.filter.EncodingFilter.doFilter(EncodingFilter.java:64)
	at org.eclipse.jetty.servlet.ServletHandler$CachedChain.doFilter(ServletHandler.java:1634)
	at org.eclipse.jetty.servlet.ServletHandler.doHandle(ServletHandler.java:533)
	at org.eclipse.jetty.server.handler.ScopedHandler.handle(ScopedHandler.java:146)
	at org.eclipse.jetty.security.SecurityHandler.handle(SecurityHandler.java:548)
	at org.eclipse.jetty.server.handler.HandlerWrapper.handle(HandlerWrapper.java:132)
	at org.eclipse.jetty.server.handler.ScopedHandler.nextHandle(ScopedHandler.java:257)
	at org.eclipse.jetty.server.session.SessionHandler.doHandle(SessionHandler.java:1595)
	at org.eclipse.jetty.server.handler.ScopedHandler.nextHandle(ScopedHandler.java:255)
	at org.eclipse.jetty.server.handler.ContextHandler.doHandle(ContextHandler.java:1340)
	at org.eclipse.jetty.server.handler.ScopedHandler.nextScope(ScopedHandler.java:203)
	at org.eclipse.jetty.servlet.ServletHandler.doScope(ServletHandler.java:473)
	at org.eclipse.jetty.server.session.SessionHandler.doScope(SessionHandler.java:1564)
	at org.eclipse.jetty.server.handler.ScopedHandler.nextScope(ScopedHandler.java:201)
	at org.eclipse.jetty.server.handler.ContextHandler.doScope(ContextHandler.java:1242)
	at org.eclipse.jetty.server.handler.ScopedHandler.handle(ScopedHandler.java:144)
	at org.eclipse.jetty.server.handler.HandlerWrapper.handle(HandlerWrapper.java:132)
	at org.eclipse.jetty.server.Server.handle(Server.java:503)
	at org.eclipse.jetty.server.HttpChannel.handle(HttpChannel.java:364)
	at org.eclipse.jetty.server.HttpConnection.onFillable(HttpConnection.java:260)
	at org.eclipse.jetty.io.AbstractConnection$ReadCallback.succeeded(AbstractConnection.java:305)
	at org.eclipse.jetty.io.FillInterest.fillable(FillInterest.java:103)
	at org.eclipse.jetty.io.ChannelEndPoint$2.run(ChannelEndPoint.java:118)
	at org.eclipse.jetty.util.thread.strategy.EatWhatYouKill.runTask(EatWhatYouKill.java:333)
	at org.eclipse.jetty.util.thread.strategy.EatWhatYouKill.doProduce(EatWhatYouKill.java:310)
	at org.eclipse.jetty.util.thread.strategy.EatWhatYouKill.tryProduce(EatWhatYouKill.java:168)
	at org.eclipse.jetty.util.thread.strategy.EatWhatYouKill.run(EatWhatYouKill.java:126)
	at org.eclipse.jetty.util.thread.ReservedThreadExecutor$ReservedThread.run(ReservedThreadExecutor.java:366)
	at org.eclipse.jetty.util.thread.QueuedThreadPool.runJob(QueuedThreadPool.java:765)
	at org.eclipse.jetty.util.thread.QueuedThreadPool$2.run(QueuedThreadPool.java:683)
	at java.lang.Thread.run(Thread.java:748)
Caused by: org.b3log.latke.service.ServiceException: java.lang.NullPointerException
	at org.b3log.solo.service.DataModelService.fillMostCommentArticles(DataModelService.java:461)
	at org.b3log.solo.service.DataModelService_$$_jvstc67_4b._d7fillMostCommentArticles(DataModelService_$$_jvstc67_4b.java)
	at sun.reflect.NativeMethodAccessorImpl.invoke0(Native Method)
	at sun.reflect.NativeMethodAccessorImpl.invoke(NativeMethodAccessorImpl.java:62)
	at sun.reflect.DelegatingMethodAccessorImpl.invoke(DelegatingMethodAccessorImpl.java:43)
	at java.lang.reflect.Method.invoke(Method.java:498)
	at org.b3log.latke.ioc.JavassistMethodHandler.invoke(JavassistMethodHandler.java:126)
	at org.b3log.solo.service.DataModelService_$$_jvstc67_4b.fillMostCommentArticles(DataModelService_$$_jvstc67_4b.java)
	at org.b3log.solo.service.DataModelService.fillSide(DataModelService.java:732)
	... 88 more
Caused by: java.lang.NullPointerException
	at org.b3log.solo.service.DataModelService.fillMostCommentArticles(DataModelService.java:455)
	... 96 more
[WARN ]-[2019-01-28 16:53:24]-[org.eclipse.jetty.server.handler.ErrorHandler:106]: Error page loop /error/404
[INFO ]-[2019-01-28 16:53:48]-[org.b3log.solo.service.InitService:226]: Your DATA will be stored in directory [jdbc:h2:C:\Users\fanyx/solo_h2/db], please pay more attention on it!
[INFO ]-[2019-01-28 16:53:59]-[org.b3log.solo.util.Markdowns:128]: [marked] is not available, uses built-in [flexmark] for markdown processing. Please read FAQ section in user guide (https://hacpai.com/article/1492881378588) for more details.
[WARN ]-[2019-01-28 16:55:23]-[org.b3log.solo.service.CommentMgmtService:584]: Not found orginal comment[id=1548665698263] of reply[name=supreyou, content=¹«¸æ]
[INFO ]-[2019-01-28 16:55:23]-[org.b3log.solo.event.ArticleCommentReplyNotifier:78]: Solo runs on local server, so should not send mail
[INFO ]-[2019-01-28 17:21:27]-[com.zaxxer.hikari.HikariDataSource:350]: HikariPool-1 - Shutdown initiated...
[INFO ]-[2019-01-28 17:21:27]-[com.zaxxer.hikari.HikariDataSource:352]: HikariPool-1 - Shutdown completed.
[INFO ]-[2019-01-28 17:21:27]-[org.b3log.solo.SoloServletListener:127]: Destroyed the context
[INFO ]-[2019-01-29 16:17:03]-[com.zaxxer.hikari.HikariDataSource:110]: HikariPool-1 - Starting...
[INFO ]-[2019-01-29 16:17:03]-[com.zaxxer.hikari.HikariDataSource:123]: HikariPool-1 - Start completed.
[INFO ]-[2019-01-29 16:17:04]-[org.b3log.solo.SoloServletListener:116]: Solo is running [http://localhost:8080]
[INFO ]-[2019-01-29 16:17:06]-[org.b3log.solo.util.Markdowns:128]: [marked] is not available, uses built-in [flexmark] for markdown processing. Please read FAQ section in user guide (https://hacpai.com/article/1492881378588) for more details.
[INFO ]-[2019-01-29 16:18:00]-[com.zaxxer.hikari.HikariDataSource:350]: HikariPool-1 - Shutdown initiated...
[INFO ]-[2019-01-29 16:18:00]-[com.zaxxer.hikari.HikariDataSource:352]: HikariPool-1 - Shutdown completed.
[INFO ]-[2019-01-29 16:18:00]-[org.b3log.solo.SoloServletListener:127]: Destroyed the context
[INFO ]-[2019-01-29 16:18:06]-[com.zaxxer.hikari.HikariDataSource:110]: HikariPool-1 - Starting...
[INFO ]-[2019-01-29 16:18:06]-[com.zaxxer.hikari.HikariDataSource:123]: HikariPool-1 - Start completed.
[WARN ]-[2019-01-29 16:18:07]-[org.b3log.solo.service.InitService:182]: Solo has not been initialized, please open your browser and visit [http://localhost:8080] to init Solo
[INFO ]-[2019-01-29 16:29:55]-[com.zaxxer.hikari.HikariDataSource:110]: HikariPool-1 - Starting...
[INFO ]-[2019-01-29 16:29:57]-[com.zaxxer.hikari.HikariDataSource:123]: HikariPool-1 - Start completed.
[WARN ]-[2019-01-29 16:29:57]-[org.b3log.solo.service.InitService:182]: Solo has not been initialized, please open your browser and visit [http://localhost:8080] to init Solo
